<?xml version="1.0" encoding="UTF-8"?>
<!-- Generated by org.testng.reporters.JUnitXMLReporter -->
<testsuite hostname="INDSNOIB9X0P12" ignored="0" name="Delinquency  Test" tests="1" failures="1" timestamp="07 Jan 2019 07:33:16 GMT" time="20.357" errors="0">
  <testcase name="Validation" time="19.09" classname="Testcase.DBUpdateTest">
    <failure type="java.lang.AssertionError" message="Test is FAILED!!!">
      <![CDATA[java.lang.AssertionError: Test is FAILED!!!
at Testcase.DBUpdateTest.Validation(DBUpdateTest.java:122)
... Removed 26 stack frames]]>
    </failure>
  </testcase> <!-- Validation -->
</testsuite> <!-- Delinquency  Test -->
