<?xml version="1.0" encoding="UTF-8"?>
<!-- Generated by org.testng.reporters.JUnitXMLReporter -->
<testsuite hostname="INDSNOIB9X0P12" ignored="0" name="Member Effectuation Status Test" tests="2" failures="2" timestamp="18 Sep 2019 06:07:04 GMT" time="6.538" errors="0">
  <testcase name="validation" time="2.825" classname="Testcase.memberEffectuationStatusTest">
    <failure type="java.sql.SQLException" message="Exhausted Resultset">
      <![CDATA[java.sql.SQLException: Exhausted Resultset
at oracle.jdbc.driver.OracleResultSetImpl.getString(OracleResultSetImpl.java:1270)
at oracle.jdbc.driver.OracleResultSet.getString(OracleResultSet.java:498)
at Testcase.memberEffectuationStatusTest.validation(memberEffectuationStatusTest.java:45)
... Removed 25 stack frames]]>
    </failure>
  </testcase> <!-- validation -->
  <testcase name="validation" time="2.828" classname="Testcase.memberEffectuationStatusTest">
    <failure type="java.sql.SQLException" message="Exhausted Resultset">
      <![CDATA[java.sql.SQLException: Exhausted Resultset
at oracle.jdbc.driver.OracleResultSetImpl.getString(OracleResultSetImpl.java:1270)
at oracle.jdbc.driver.OracleResultSet.getString(OracleResultSet.java:498)
at Testcase.memberEffectuationStatusTest.validation(memberEffectuationStatusTest.java:45)
... Removed 25 stack frames]]>
    </failure>
  </testcase> <!-- validation -->
</testsuite> <!-- Member Effectuation Status Test -->
