<?xml version="1.0" encoding="UTF-8"?>
<!-- Generated by org.testng.reporters.JUnitXMLReporter -->
<testsuite hostname="INDSNOIB9X0P12" ignored="0" name="Quote Status Test" tests="2" failures="2" timestamp="18 Sep 2019 06:03:02 GMT" time="7.026" errors="0">
  <testcase name="validation" time="3.342" classname="Testcase.quoteStatusValidationTest">
    <failure type="java.sql.SQLException" message="Exhausted Resultset">
      <![CDATA[java.sql.SQLException: Exhausted Resultset
at oracle.jdbc.driver.OracleResultSetImpl.getString(OracleResultSetImpl.java:1270)
at oracle.jdbc.driver.OracleResultSet.getString(OracleResultSet.java:498)
at Testcase.quoteStatusValidationTest.validation(quoteStatusValidationTest.java:45)
... Removed 25 stack frames]]>
    </failure>
  </testcase> <!-- validation -->
  <testcase name="validation" time="2.835" classname="Testcase.quoteStatusValidationTest">
    <failure type="java.sql.SQLException" message="Exhausted Resultset">
      <![CDATA[java.sql.SQLException: Exhausted Resultset
at oracle.jdbc.driver.OracleResultSetImpl.getString(OracleResultSetImpl.java:1270)
at oracle.jdbc.driver.OracleResultSet.getString(OracleResultSet.java:498)
at Testcase.quoteStatusValidationTest.validation(quoteStatusValidationTest.java:45)
... Removed 25 stack frames]]>
    </failure>
  </testcase> <!-- validation -->
</testsuite> <!-- Quote Status Test -->
