<?xml version="1.0" encoding="UTF-8"?>
<!-- Generated by org.testng.reporters.JUnitXMLReporter -->
<testsuite hostname="INDSNOIB9X0P12" ignored="0" name="Quote Generation Test" tests="2" failures="2" timestamp="18 Sep 2019 06:06:21 GMT" time="142.832" errors="0">
  <testcase name="quote" time="71.362" classname="Testcase.firstQuoteGenerationTest">
    <failure type="java.sql.SQLException" message="Exhausted Resultset">
      <![CDATA[java.sql.SQLException: Exhausted Resultset
at oracle.jdbc.driver.OracleResultSetImpl.getString(OracleResultSetImpl.java:1270)
at oracle.jdbc.driver.OracleResultSet.getString(OracleResultSet.java:498)
at Testcase.firstQuoteGenerationTest.quote(firstQuoteGenerationTest.java:95)
... Removed 25 stack frames]]>
    </failure>
  </testcase> <!-- quote -->
  <testcase name="quote" time="70.604" classname="Testcase.firstQuoteGenerationTest">
    <failure type="java.sql.SQLException" message="Exhausted Resultset">
      <![CDATA[java.sql.SQLException: Exhausted Resultset
at oracle.jdbc.driver.OracleResultSetImpl.getString(OracleResultSetImpl.java:1270)
at oracle.jdbc.driver.OracleResultSet.getString(OracleResultSet.java:498)
at Testcase.firstQuoteGenerationTest.quote(firstQuoteGenerationTest.java:95)
... Removed 25 stack frames]]>
    </failure>
  </testcase> <!-- quote -->
</testsuite> <!-- Quote Generation Test -->
