<?xml version="1.0" encoding="UTF-8"?>
<!-- Generated by org.testng.reporters.JUnitXMLReporter -->
<testsuite hostname="INDSNOIB9X0P12" ignored="0" name="Validate and Post Test Post Term" tests="1" failures="1" timestamp="04 Jan 2019 09:30:31 GMT" time="51.6" errors="0">
  <testcase name="NSFBoomi" time="51.138" classname="Testcase.validateAndPostTest2">
    <failure type="java.lang.AssertionError" message="Test is FAILED!!!">
      <![CDATA[java.lang.AssertionError: Test is FAILED!!!
at Testcase.validateAndPostTest2.NSFBoomi(validateAndPostTest2.java:136)
... Removed 26 stack frames]]>
    </failure>
  </testcase> <!-- NSFBoomi -->
</testsuite> <!-- Validate and Post Test Post Term -->
